<?xml version="1.0" encoding="UTF-8" standalone="no"?><testsuite errors="0" failures="0" name="Registro de usuario" skipped="1" tests="1" time="0.81" timestamp="2026-05-29 06:40:30"><testcase name="Registro exitoso"><compromised message="No page defined with the name 'null'" type="net.serenitybdd.screenplay.actions.UnknownPageException">No page defined with the name 'null'</compromised><system-err>No page defined with the name 'null'&#13;
co.edu.udea.certificacion.taller.moduloauthycompra.tasks.OpenThe.performAs(OpenThe.java:11)&#13;
co.edu.udea.certificacion.taller.moduloauthycompra.stepdefinitions.AutomatizacionStepDefinition.queElUsuarioIngresaALaPagina(AutomatizacionStepDefinition.java:38)&#13;
worker.org.gradle.process.internal.worker.GradleWorkerMain.run(GradleWorkerMain.java:69)&#13;
worker.org.gradle.process.internal.worker.GradleWorkerMain.main(GradleWorkerMain.java:74)&#13;
</system-err></testcase></testsuite>